Treatment: ('outer', 93)
[(2, 5), (0, 1), (1, 2), (0, 1), (1, 2), (4, 2), (2, 3), (3, 4), (1, 5), (4, 1), (1, 4), (4, 2), (1, 3), (2, 4), (4, 5), (2, 4), (0, 3), (3, 1), (2, 2), (4, 4), (2, 1), (3, 2), (4, 1), (2, 2), (3, 5), (3, 3), (0, 1), (3, 4), (1, 1), (4, 3), (2, 3), (1, 1), (0, 5), (4, 4), (0, 3), (0, 4), (2, 1), (4, 3), (3, 3), (3, 1)]
MOVE: 0 0 None 1 4 None
outer hints You about all their red cards hints remaining: 7
You has yellow 4, red 1, green 4, yellow 1, blue 2
MOVE: 1 2 1 1 None None
You plays red 1 successfully! Board is now green 0, yellow 0, white 0, blue 0, red 1
You now has yellow 4, green 4, yellow 1, blue 2, white 5
MOVE: 0 1 None 1 None 1
outer hints You about all their 1 hints remaining: 6
You has yellow 4, green 4, yellow 1, blue 2, white 5
MOVE: 1 2 2 1 None None
You plays yellow 1 successfully! Board is now green 0, yellow 1, white 0, blue 0, red 1
You now has yellow 4, green 4, blue 2, white 5, green 1
MOVE: 0 0 None 1 0 None
outer hints You about all their green cards hints remaining: 5
You has yellow 4, green 4, blue 2, white 5, green 1
MOVE: 1 1 None 0 None 1
You hints outer about all their 1 hints remaining: 4
outer has green 2, green 2, white 1, blue 1, yellow 3
MOVE: 0 1 None 1 None 1
outer hints You about all their 1 hints remaining: 3
You has yellow 4, green 4, blue 2, white 5, green 1
MOVE: 1 2 4 1 None None
You plays green 1 successfully! Board is now green 1, yellow 1, white 0, blue 0, red 1
You now has yellow 4, green 4, blue 2, white 5, yellow 2
MOVE: 0 0 None 1 1 None
outer hints You about all their yellow cards hints remaining: 2
You has yellow 4, green 4, blue 2, white 5, yellow 2
MOVE: 1 1 None 0 None 2
You hints outer about all their 2 hints remaining: 1
outer has green 2, green 2, white 1, blue 1, yellow 3
MOVE: 0 1 None 1 None 2
outer hints You about all their 2 hints remaining: 0
You has yellow 4, green 4, blue 2, white 5, yellow 2
MOVE: 1 2 4 1 None None
You plays yellow 2 successfully! Board is now green 1, yellow 2, white 0, blue 0, red 1
You now has yellow 4, green 4, blue 2, white 5, green 1
MOVE: 0 3 4 None None None
outer discards yellow 3
trash is now yellow 3
outer now has green 2, green 2, white 1, blue 1, yellow 2
MOVE: 1 2 2 1 None None
You plays blue 2 and fails. Board was green 1, yellow 2, white 0, blue 0, red 1
You now has yellow 4, green 4, white 5, green 1, red 2
MOVE: 0 1 None 1 None 2
outer hints You about all their 2 hints remaining: 0
You has yellow 4, green 4, white 5, green 1, red 2
MOVE: 1 2 4 1 None None
You plays red 2 successfully! Board is now green 1, yellow 2, white 0, blue 0, red 2
You now has yellow 4, green 4, white 5, green 1, white 3
MOVE: 0 3 2 None None None
outer discards white 1
trash is now yellow 3, blue 2, white 1
outer now has green 2, green 2, blue 1, yellow 2, blue 4
MOVE: 1 0 None 0 0 None
You hints outer about all their green cards hints remaining: 0
outer has green 2, green 2, blue 1, yellow 2, blue 4
MOVE: 0 2 0 None None None
outer plays green 2 successfully! Board is now green 2, yellow 2, white 0, blue 0, red 2
outer now has green 2, blue 1, yellow 2, blue 4, yellow 5
MOVE: 1 2 0 1 None None
You plays yellow 4 and fails. Board was green 2, yellow 2, white 0, blue 0, red 2
You now has green 4, white 5, green 1, white 3, red 1
MOVE: 0 3 0 None None None
outer discards green 2
trash is now yellow 3, blue 2, white 1, yellow 4, green 2
outer now has blue 1, yellow 2, blue 4, yellow 5, yellow 4
MOVE: 1 2 0 1 None None
You plays green 4 and fails. Board was green 2, yellow 2, white 0, blue 0, red 2
You now has white 5, green 1, white 3, red 1, red 2
Score 6
