Treatment: ('outer', 5969)
[(0, 4), (0, 1), (3, 3), (1, 4), (0, 2), (1, 3), (2, 2), (4, 3), (4, 1), (4, 4), (3, 2), (4, 3), (4, 5), (0, 3), (0, 2), (1, 2), (0, 5), (1, 1), (2, 3), (0, 4), (3, 5), (1, 1), (3, 2), (1, 1), (1, 3), (4, 1), (1, 4), (4, 2), (1, 5), (2, 4), (2, 4), (0, 1), (4, 2), (2, 3), (1, 2), (2, 2), (3, 1), (0, 3), (4, 1), (0, 1)]
MOVE: 0 1 None 1 None 1
outer hints You about all their 1 hints remaining: 7
You has blue 1, red 4, white 1, blue 1, white 1
MOVE: 1 2 2 1 None None
You plays white 1 successfully! Board is now green 0, yellow 0, white 1, blue 0, red 0
You now has blue 1, red 4, blue 1, white 1, green 4
MOVE: 0 0 None 1 3 None
outer hints You about all their blue cards hints remaining: 6
You has blue 1, red 4, blue 1, white 1, green 4
MOVE: 1 2 2 1 None None
You plays blue 1 successfully! Board is now green 0, yellow 0, white 1, blue 1, red 0
You now has blue 1, red 4, white 1, green 4, green 1
MOVE: 0 1 None 1 None 1
outer hints You about all their 1 hints remaining: 5
You has blue 1, red 4, white 1, green 4, green 1
MOVE: 1 3 0 1 None None
You discards blue 1
trash is now blue 1
You now has red 4, white 1, green 4, green 1, blue 3
MOVE: 0 0 None 1 0 None
outer hints You about all their green cards hints remaining: 5
You has red 4, white 1, green 4, green 1, blue 3
