Treatment: ('outer', 5126)
[(4, 4), (1, 3), (4, 2), (1, 3), (2, 4), (4, 3), (3, 5), (4, 1), (2, 3), (4, 1), (3, 1), (0, 1), (1, 1), (3, 3), (2, 1), (3, 3), (2, 2), (2, 1), (3, 1), (4, 1), (3, 4), (0, 4), (2, 5), (2, 3), (0, 1), (4, 5), (0, 3), (3, 2), (0, 2), (4, 3), (2, 4), (3, 2), (2, 2), (1, 1), (3, 4), (0, 1), (1, 4), (3, 1), (0, 5), (1, 1)]
MOVE: 0 0 None 1 1 None
outer hints You about all their yellow cards hints remaining: 7
You has green 3, red 4, red 2, green 4, yellow 2
MOVE: 1 1 None 0 None 1
You hints outer about all their 1 hints remaining: 6
outer has yellow 4, yellow 5, yellow 2, white 1, green 2
MOVE: 0 2 3 None None None
outer plays white 1 successfully! Board is now green 0, yellow 0, white 1, blue 0, red 0
outer now has yellow 4, yellow 5, yellow 2, green 2, red 4
MOVE: 1 1 None 0 None 2
You hints outer about all their 2 hints remaining: 5
outer has yellow 4, yellow 5, yellow 2, green 2, red 4
MOVE: 0 1 None 1 None 3
outer hints You about all their 3 hints remaining: 4
You has green 3, red 4, red 2, green 4, yellow 2
MOVE: 1 0 None 0 1 None
You hints outer about all their yellow cards hints remaining: 3
outer has yellow 4, yellow 5, yellow 2, green 2, red 4
MOVE: 0 1 None 1 None 3
outer hints You about all their 3 hints remaining: 2
You has green 3, red 4, red 2, green 4, yellow 2
MOVE: 1 2 4 1 None None
You plays yellow 2 and fails. Board was green 0, yellow 0, white 1, blue 0, red 0
You now has green 3, red 4, red 2, green 4, yellow 3
MOVE: 0 0 None 1 4 None
outer hints You about all their red cards hints remaining: 1
You has green 3, red 4, red 2, green 4, yellow 3
MOVE: 1 2 2 1 None None
You plays red 2 and fails. Board was green 0, yellow 0, white 1, blue 0, red 0
You now has green 3, red 4, green 4, yellow 3, red 2
MOVE: 0 0 None 1 1 None
outer hints You about all their yellow cards hints remaining: 0
You has green 3, red 4, green 4, yellow 3, red 2
MOVE: 1 2 3 1 None None
You plays yellow 3 and fails. Board was green 0, yellow 0, white 1, blue 0, red 0
You now has green 3, red 4, green 4, red 2, yellow 3
Score 1
