Treatment: ('outer', 7391)
[(3, 2), (2, 5), (2, 3), (2, 2), (3, 4), (3, 1), (0, 4), (1, 4), (4, 5), (0, 1), (3, 3), (1, 2), (2, 3), (3, 1), (4, 3), (0, 3), (0, 1), (4, 4), (0, 2), (2, 4), (1, 5), (3, 1), (1, 3), (4, 2), (2, 4), (1, 3), (4, 1), (0, 1), (0, 5), (4, 1), (3, 4), (3, 5), (0, 2), (4, 1), (4, 4), (3, 2), (0, 4), (2, 1), (2, 1), (1, 2)]
MOVE: 0 0 None 1 2 None
outer hints You about all their white cards hints remaining: 7
You has white 1, blue 3, green 3, red 2, yellow 4
MOVE: 1 1 None 0 None 1
You hints outer about all their 1 hints remaining: 6
outer has yellow 1, yellow 1, red 3, yellow 1, white 2
MOVE: 0 2 0 None None None
outer plays yellow 1 successfully! Board is now green 0, yellow 1, white 0, blue 0, red 0
outer now has yellow 1, red 3, yellow 1, white 2, blue 2
MOVE: 1 0 None 0 1 None
You hints outer about all their yellow cards hints remaining: 5
outer has yellow 1, red 3, yellow 1, white 2, blue 2
MOVE: 0 3 0 None None None
outer discards yellow 1
trash is now yellow 1
outer now has red 3, yellow 1, white 2, blue 2, white 5
MOVE: 1 2 0 1 None None
You plays white 1 successfully! Board is now green 0, yellow 1, white 1, blue 0, red 0
You now has blue 3, green 3, red 2, yellow 4, white 3
MOVE: 0 3 1 None None None
outer discards yellow 1
trash is now yellow 1, yellow 1
outer now has red 3, white 2, blue 2, white 5, white 2
MOVE: 1 1 None 0 None 2
You hints outer about all their 2 hints remaining: 6
outer has red 3, white 2, blue 2, white 5, white 2
MOVE: 0 0 None 1 3 None
outer hints You about all their blue cards hints remaining: 5
You has blue 3, green 3, red 2, yellow 4, white 3
MOVE: 1 0 None 0 2 None
You hints outer about all their white cards hints remaining: 4
outer has red 3, white 2, blue 2, white 5, white 2
MOVE: 0 2 1 None None None
outer plays white 2 successfully! Board is now green 0, yellow 1, white 2, blue 0, red 0
outer now has red 3, blue 2, white 5, white 2, blue 4
MOVE: 1 2 0 1 None None
You plays blue 3 and fails. Board was green 0, yellow 1, white 2, blue 0, red 0
You now has green 3, red 2, yellow 4, white 3, blue 1
MOVE: 0 3 3 None None None
outer discards white 2
trash is now yellow 1, yellow 1, blue 3, white 2
outer now has red 3, blue 2, white 5, blue 4, green 4
MOVE: 1 1 None 0 None 4
You hints outer about all their 4 hints remaining: 4
outer has red 3, blue 2, white 5, blue 4, green 4
MOVE: 0 1 None 1 None 3
outer hints You about all their 3 hints remaining: 3
You has green 3, red 2, yellow 4, white 3, blue 1
MOVE: 1 1 None 0 None 5
You hints outer about all their 5 hints remaining: 2
outer has red 3, blue 2, white 5, blue 4, green 4
MOVE: 0 0 None 1 2 None
outer hints You about all their white cards hints remaining: 1
You has green 3, red 2, yellow 4, white 3, blue 1
MOVE: 1 2 3 1 None None
You plays white 3 successfully! Board is now green 0, yellow 1, white 3, blue 0, red 0
You now has green 3, red 2, yellow 4, blue 1, yellow 4
MOVE: 0 0 None 1 3 None
outer hints You about all their blue cards hints remaining: 0
You has green 3, red 2, yellow 4, blue 1, yellow 4
MOVE: 1 2 3 1 None None
You plays blue 1 successfully! Board is now green 0, yellow 1, white 3, blue 1, red 0
You now has green 3, red 2, yellow 4, yellow 4, red 5
MOVE: 0 3 1 None None None
outer discards blue 2
trash is now yellow 1, yellow 1, blue 3, white 2, blue 2
outer now has red 3, white 5, blue 4, green 4, green 1
MOVE: 1 1 None 0 None 1
You hints outer about all their 1 hints remaining: 0
outer has red 3, white 5, blue 4, green 4, green 1
MOVE: 0 3 4 None None None
outer discards green 1
trash is now yellow 1, yellow 1, blue 3, white 2, blue 2, green 1
outer now has red 3, white 5, blue 4, green 4, blue 3
MOVE: 1 1 None 0 None 3
You hints outer about all their 3 hints remaining: 0
outer has red 3, white 5, blue 4, green 4, blue 3
MOVE: 0 3 1 None None None
outer discards white 5
trash is now yellow 1, yellow 1, blue 3, white 2, blue 2, green 1, white 5
outer now has red 3, blue 4, green 4, blue 3, yellow 2
MOVE: 1 1 None 0 None 2
You hints outer about all their 2 hints remaining: 0
outer has red 3, blue 4, green 4, blue 3, yellow 2
MOVE: 0 3 3 None None None
outer discards blue 3
trash is now yellow 1, yellow 1, blue 3, white 2, blue 2, green 1, white 5, blue 3
outer now has red 3, blue 4, green 4, yellow 2, white 3
MOVE: 1 0 None 0 1 None
You hints outer about all their yellow cards hints remaining: 0
outer has red 3, blue 4, green 4, yellow 2, white 3
MOVE: 0 2 3 None None None
outer plays yellow 2 successfully! Board is now green 0, yellow 2, white 3, blue 1, red 0
outer now has red 3, blue 4, green 4, white 3, blue 1
MOVE: 1 2 0 1 None None
You plays green 3 and fails. Board was green 0, yellow 2, white 3, blue 1, red 0
You now has red 2, yellow 4, yellow 4, red 5, red 3
MOVE: 0 3 1 None None None
outer discards blue 4
trash is now yellow 1, yellow 1, blue 3, white 2, blue 2, green 1, white 5, blue 3, green 3, blue 4
outer now has red 3, green 4, white 3, blue 1, green 3
MOVE: 1 2 0 1 None None
You plays red 2 and fails. Board was green 0, yellow 2, white 3, blue 1, red 0
You now has yellow 4, yellow 4, red 5, red 3, green 1
Score 6
